<?xml version="1.0" encoding="UTF-8"?>
<!-- Generated by org.testng.reporters.JUnitReportReporter -->
<testsuite skipped="0" hostname="suranjanas-Air.home" name="com.excercise.qa.testcases.FlashPageTest" tests="9" failures="0" timestamp="13 Aug 2020 08:46:44 GMT" time="7.480" errors="0">
  <testcase name="ValidateFlashexcerciseWithInValidData" time="0.768" classname="com.excercise.qa.testcases.FlashPageTest"/>
  <testcase name="ValidateFlashexcerciseWithInValidData" time="0.627" classname="com.excercise.qa.testcases.FlashPageTest"/>
  <testcase name="ValidateFlashexcerciseWithInValidData" time="0.624" classname="com.excercise.qa.testcases.FlashPageTest"/>
  <testcase name="ValidateFlashexcerciseWithInValidData" time="0.602" classname="com.excercise.qa.testcases.FlashPageTest"/>
  <testcase name="ValidateFlashexcerciseWithInValidData" time="0.712" classname="com.excercise.qa.testcases.FlashPageTest"/>
  <testcase name="ValidateFlashexcerciseWithInValidData" time="0.729" classname="com.excercise.qa.testcases.FlashPageTest"/>
  <testcase name="ValidateFlashexcerciseWithValidData" time="1.769" classname="com.excercise.qa.testcases.FlashPageTest"/>
  <testcase name="ValidateFlashexcerciseWithInValidData" time="0.644" classname="com.excercise.qa.testcases.FlashPageTest"/>
  <testcase name="ValidateFlashexcerciseWithInValidData" time="1.005" classname="com.excercise.qa.testcases.FlashPageTest"/>
</testsuite> <!-- com.excercise.qa.testcases.FlashPageTest -->
